<?xml version="1.0" encoding="UTF-8"?>
<testng-results ignored="0" total="1" passed="1" failed="0" skipped="0">
  <reporter-output>
  </reporter-output>
  <suite started-at="2025-07-28T14:47:36 IST" name="Default suite" finished-at="2025-07-28T14:47:52 IST" duration-ms="15179">
    <groups>
    </groups>
    <test started-at="2025-07-28T14:47:36 IST" name="Default test" finished-at="2025-07-28T14:47:52 IST" duration-ms="15179">
      <class name="HandlingScroll.TestScrollBy">
        <test-method signature="Test()[pri:0, instance:HandlingScroll.TestScrollBy@6025e1b6]" started-at="2025-07-28T14:47:37 IST" name="Test" finished-at="2025-07-28T14:47:52 IST" duration-ms="15101" status="PASS">
          <reporter-output>
          </reporter-output>
        </test-method> <!-- Test -->
      </class> <!-- HandlingScroll.TestScrollBy -->
    </test> <!-- Default test -->
  </suite> <!-- Default suite -->
</testng-results>
