<?xml version="1.0" encoding="UTF-8"?>
<testng-results ignored="0" total="1" passed="1" failed="0" skipped="0">
  <reporter-output>
  </reporter-output>
  <suite started-at="2025-07-25T15:08:51 IST" name="Default suite" finished-at="2025-07-25T15:09:19 IST" duration-ms="27434">
    <groups>
    </groups>
    <test started-at="2025-07-25T15:08:51 IST" name="Default test" finished-at="2025-07-25T15:09:19 IST" duration-ms="27434">
      <class name="locatorsDemo.LinkTextandPartialLinkText">
        <test-method is-config="true" signature="setUp()[pri:0, instance:locatorsDemo.LinkTextandPartialLinkText@77c2494c]" started-at="2025-07-25T15:08:52 IST" name="setUp" finished-at="2025-07-25T15:08:53 IST" duration-ms="1383" status="PASS">
          <reporter-output>
          </reporter-output>
        </test-method> <!-- setUp -->
        <test-method signature="linkText()[pri:0, instance:locatorsDemo.LinkTextandPartialLinkText@77c2494c]" started-at="2025-07-25T15:08:53 IST" name="linkText" finished-at="2025-07-25T15:09:19 IST" duration-ms="25999" status="PASS">
          <reporter-output>
          </reporter-output>
        </test-method> <!-- linkText -->
      </class> <!-- locatorsDemo.LinkTextandPartialLinkText -->
    </test> <!-- Default test -->
  </suite> <!-- Default suite -->
</testng-results>
