<?xml version="1.0" encoding="UTF-8"?>
<testng-results ignored="0" total="1" passed="1" failed="0" skipped="0">
  <reporter-output>
  </reporter-output>
  <suite started-at="2025-07-28T13:58:03 IST" name="Default suite" finished-at="2025-07-28T13:58:59 IST" duration-ms="56068">
    <groups>
    </groups>
    <test started-at="2025-07-28T13:58:03 IST" name="Default test" finished-at="2025-07-28T13:58:59 IST" duration-ms="56068">
      <class name="ReadExcelData.readCSVData">
        <test-method is-config="true" signature="setup()[pri:0, instance:ReadExcelData.readCSVData@2c7b5824]" started-at="2025-07-28T13:58:03 IST" name="setup" finished-at="2025-07-28T13:58:08 IST" duration-ms="4869" status="PASS">
          <reporter-output>
          </reporter-output>
        </test-method> <!-- setup -->
        <test-method signature="locatorsTestingBlog()[pri:0, instance:ReadExcelData.readCSVData@2c7b5824]" started-at="2025-07-28T13:58:08 IST" name="locatorsTestingBlog" finished-at="2025-07-28T13:58:58 IST" duration-ms="50617" status="PASS">
          <reporter-output>
          </reporter-output>
        </test-method> <!-- locatorsTestingBlog -->
        <test-method is-config="true" signature="tearDown()[pri:0, instance:ReadExcelData.readCSVData@2c7b5824]" started-at="2025-07-28T13:58:58 IST" name="tearDown" finished-at="2025-07-28T13:58:59 IST" duration-ms="531" status="PASS">
          <reporter-output>
          </reporter-output>
        </test-method> <!-- tearDown -->
      </class> <!-- ReadExcelData.readCSVData -->
    </test> <!-- Default test -->
  </suite> <!-- Default suite -->
</testng-results>
