<?xml version="1.0" encoding="UTF-8"?>
<testng-results ignored="0" total="1" passed="1" failed="0" skipped="0">
  <reporter-output>
  </reporter-output>
  <suite started-at="2025-07-28T10:36:22 IST" name="Default suite" finished-at="2025-07-28T10:36:28 IST" duration-ms="6281">
    <groups>
    </groups>
    <test started-at="2025-07-28T10:36:22 IST" name="Default test" finished-at="2025-07-28T10:36:28 IST" duration-ms="6281">
      <class name="RadioButtons.EaseMyTripRadioButtons">
        <test-method signature="TestRadioButton()[pri:0, instance:RadioButtons.EaseMyTripRadioButtons@1bb5a082]" started-at="2025-07-28T10:36:22 IST" name="TestRadioButton" finished-at="2025-07-28T10:36:28 IST" duration-ms="6237" status="PASS">
          <reporter-output>
          </reporter-output>
        </test-method> <!-- TestRadioButton -->
      </class> <!-- RadioButtons.EaseMyTripRadioButtons -->
    </test> <!-- Default test -->
  </suite> <!-- Default suite -->
</testng-results>
